[WARNING] [2020-01-28 22:13:50,001] [log] [16928] [18408] [Not Found: /]
[WARNING] [2020-01-28 22:13:50,137] [log] [16928] [18408] [Not Found: /favicon.ico]
[WARNING] [2020-01-28 22:13:59,532] [log] [16928] [18408] [Not Found: /accounts]
[WARNING] [2020-01-28 22:14:14,022] [log] [16928] [18408] [Not Found: /accounts/]
[INFO] [2020-01-28 22:14:33,919] [logger] [16928] [18740] [index() 開始]
[INFO] [2020-01-28 22:14:33,929] [logger] [16928] [18740] [index() 終了]
[INFO] [2020-01-28 22:14:50,151] [logger] [16928] [22184] [index() 開始]
[INFO] [2020-01-28 22:14:50,158] [logger] [16928] [22184] [index() 終了]
[INFO] [2020-01-28 22:15:10,647] [logger] [16928] [19844] [index() 開始]
[INFO] [2020-01-28 22:15:10,656] [views] [16928] [19844] [index start]
[INFO] [2020-01-28 22:15:10,658] [views] [16928] [19844] [SQL=    select       APPL.key_applicant key_applicant      ,APPL.applicant_date applicant_date      ,APPL.applicant_no applicant_no      ,APPL.applicant_name_text applicant_name_text      ,M_Work_History.work_history_kbn work_history_kbn      ,M_Appl_Route.appl_route_text appl_route_text      ,M_Department_1.headquarters_text headquarters_1_text      ,M_Judgment_1.judgment_text judgment_1_text      ,M_Department_2.headquarters_text headquarters_2_text      ,M_Judgment_2.judgment_text judgment_2_text      ,M_Department_3.headquarters_text headquarters_3_text      ,M_Judgment_3.judgment_text judgment_3_text      ,T_Judgment_1.key_judgment key_judgment_1      ,T_Judgment_2.key_judgment key_judgment_2      ,T_Judgment_3.key_judgment key_judgment_3    from         (          (            (              (                (                  (                    (                      (                        (                          (                            (                        	    applicantctl_T_Applicant_info AS APPL                              left outer join applicantctl_T_Judgment As T_Judgment_1                              ON APPL.key_applicant = T_Judgment_1.key_applicant_id AND T_Judgment_1.judgment_index=1                             )                            left outer join applicantctl_T_Judgment As T_Judgment_2                              ON APPL.key_applicant = T_Judgment_2.key_applicant_id AND T_Judgment_2.judgment_index=2                           )                          left outer join applicantctl_T_Judgment As T_Judgment_3                          ON APPL.key_applicant = T_Judgment_3.key_applicant_id AND T_Judgment_3.judgment_index=3                         )                        left outer join applicantctl_M_Department as M_Department_1                          ON T_Judgment_1.key_department_id = M_Department_1.key_index                      )                      left outer join applicantctl_M_Department as M_Department_2                        ON T_Judgment_2.key_department_id = M_Department_2.key_index                    )                    left outer join applicantctl_M_Department as M_Department_3                      ON T_Judgment_3.key_department_id = M_Department_3.key_index                  )                  left outer join applicantctl_M_Judgment as M_Judgment_1                  ON T_Judgment_1.judgment_id = M_Judgment_1.key_judgment                )                left outer join applicantctl_M_Judgment as M_Judgment_2                ON T_Judgment_2.judgment_id = M_Judgment_2.key_judgment              )              left outer join applicantctl_M_Judgment as M_Judgment_3              ON T_Judgment_3.judgment_id = M_Judgment_3.key_judgment            )            inner join applicantctl_M_Work_History as M_Work_History            ON APPL.key_history_kbn_id = M_Work_History.key_history_kbn          )          inner join applicantctl_M_Appl_Route as M_Appl_Route          ON APPL.key_appl_route_id = M_Appl_Route.key_appl_route        )       ORDER BY applicant_date]
[INFO] [2020-01-28 22:15:20,624] [logger] [16928] [19844] [index() 終了]
[INFO] [2020-01-28 22:15:26,516] [logger] [16928] [15596] [index() 開始]
[INFO] [2020-01-28 22:15:26,524] [views] [16928] [15596] [index start]
[INFO] [2020-01-28 22:15:26,525] [views] [16928] [15596] [SQL=    select       APPL.key_applicant key_applicant      ,APPL.applicant_date applicant_date      ,APPL.applicant_no applicant_no      ,APPL.applicant_name_text applicant_name_text      ,M_Work_History.work_history_kbn work_history_kbn      ,M_Appl_Route.appl_route_text appl_route_text      ,M_Department_1.headquarters_text headquarters_1_text      ,M_Judgment_1.judgment_text judgment_1_text      ,M_Department_2.headquarters_text headquarters_2_text      ,M_Judgment_2.judgment_text judgment_2_text      ,M_Department_3.headquarters_text headquarters_3_text      ,M_Judgment_3.judgment_text judgment_3_text      ,T_Judgment_1.key_judgment key_judgment_1      ,T_Judgment_2.key_judgment key_judgment_2      ,T_Judgment_3.key_judgment key_judgment_3    from         (          (            (              (                (                  (                    (                      (                        (                          (                            (                        	    applicantctl_T_Applicant_info AS APPL                              left outer join applicantctl_T_Judgment As T_Judgment_1                              ON APPL.key_applicant = T_Judgment_1.key_applicant_id AND T_Judgment_1.judgment_index=1                             )                            left outer join applicantctl_T_Judgment As T_Judgment_2                              ON APPL.key_applicant = T_Judgment_2.key_applicant_id AND T_Judgment_2.judgment_index=2                           )                          left outer join applicantctl_T_Judgment As T_Judgment_3                          ON APPL.key_applicant = T_Judgment_3.key_applicant_id AND T_Judgment_3.judgment_index=3                         )                        left outer join applicantctl_M_Department as M_Department_1                          ON T_Judgment_1.key_department_id = M_Department_1.key_index                      )                      left outer join applicantctl_M_Department as M_Department_2                        ON T_Judgment_2.key_department_id = M_Department_2.key_index                    )                    left outer join applicantctl_M_Department as M_Department_3                      ON T_Judgment_3.key_department_id = M_Department_3.key_index                  )                  left outer join applicantctl_M_Judgment as M_Judgment_1                  ON T_Judgment_1.judgment_id = M_Judgment_1.key_judgment                )                left outer join applicantctl_M_Judgment as M_Judgment_2                ON T_Judgment_2.judgment_id = M_Judgment_2.key_judgment              )              left outer join applicantctl_M_Judgment as M_Judgment_3              ON T_Judgment_3.judgment_id = M_Judgment_3.key_judgment            )            inner join applicantctl_M_Work_History as M_Work_History            ON APPL.key_history_kbn_id = M_Work_History.key_history_kbn          )          inner join applicantctl_M_Appl_Route as M_Appl_Route          ON APPL.key_appl_route_id = M_Appl_Route.key_appl_route        )       ORDER BY applicant_date]
[INFO] [2020-01-28 22:15:33,968] [logger] [16928] [15596] [index() 終了]
[INFO] [2020-01-28 22:15:41,456] [logger] [16928] [20912] [index() 開始]
[INFO] [2020-01-28 22:15:41,464] [views] [16928] [20912] [index start]
[INFO] [2020-01-28 22:15:41,469] [views] [16928] [20912] [SQL=    select       APPL.key_applicant key_applicant      ,APPL.applicant_date applicant_date      ,APPL.applicant_no applicant_no      ,APPL.applicant_name_text applicant_name_text      ,M_Work_History.work_history_kbn work_history_kbn      ,M_Appl_Route.appl_route_text appl_route_text      ,M_Department_1.headquarters_text headquarters_1_text      ,M_Judgment_1.judgment_text judgment_1_text      ,M_Department_2.headquarters_text headquarters_2_text      ,M_Judgment_2.judgment_text judgment_2_text      ,M_Department_3.headquarters_text headquarters_3_text      ,M_Judgment_3.judgment_text judgment_3_text      ,T_Judgment_1.key_judgment key_judgment_1      ,T_Judgment_2.key_judgment key_judgment_2      ,T_Judgment_3.key_judgment key_judgment_3    from         (          (            (              (                (                  (                    (                      (                        (                          (                            (                        	    applicantctl_T_Applicant_info AS APPL                              left outer join applicantctl_T_Judgment As T_Judgment_1                              ON APPL.key_applicant = T_Judgment_1.key_applicant_id AND T_Judgment_1.judgment_index=1                             )                            left outer join applicantctl_T_Judgment As T_Judgment_2                              ON APPL.key_applicant = T_Judgment_2.key_applicant_id AND T_Judgment_2.judgment_index=2                           )                          left outer join applicantctl_T_Judgment As T_Judgment_3                          ON APPL.key_applicant = T_Judgment_3.key_applicant_id AND T_Judgment_3.judgment_index=3                         )                        left outer join applicantctl_M_Department as M_Department_1                          ON T_Judgment_1.key_department_id = M_Department_1.key_index                      )                      left outer join applicantctl_M_Department as M_Department_2                        ON T_Judgment_2.key_department_id = M_Department_2.key_index                    )                    left outer join applicantctl_M_Department as M_Department_3                      ON T_Judgment_3.key_department_id = M_Department_3.key_index                  )                  left outer join applicantctl_M_Judgment as M_Judgment_1                  ON T_Judgment_1.judgment_id = M_Judgment_1.key_judgment                )                left outer join applicantctl_M_Judgment as M_Judgment_2                ON T_Judgment_2.judgment_id = M_Judgment_2.key_judgment              )              left outer join applicantctl_M_Judgment as M_Judgment_3              ON T_Judgment_3.judgment_id = M_Judgment_3.key_judgment            )            inner join applicantctl_M_Work_History as M_Work_History            ON APPL.key_history_kbn_id = M_Work_History.key_history_kbn          )          inner join applicantctl_M_Appl_Route as M_Appl_Route          ON APPL.key_appl_route_id = M_Appl_Route.key_appl_route        )       WHERE M_Appl_Route.key_appl_route ='1' ORDER BY applicant_date]
[INFO] [2020-01-28 22:15:52,532] [logger] [16928] [20912] [index() 終了]
[WARNING] [2020-01-28 22:35:18,239] [log] [17072] [18248] [Not Found: /accounts/profile/]
[WARNING] [2020-01-28 23:18:45,616] [log] [15692] [4144] [Not Found: /accounts/]
[WARNING] [2020-01-28 23:19:04,040] [log] [15692] [4144] [Not Found: /accounts/profile/]
[ERROR] [2020-01-28 23:20:01,622] [log] [15692] [4144] [Internal Server Error: /accounts/password_change/done/]
Traceback (most recent call last):
  File "C:\PycharmProjects3\venv\lib\site-packages\django\core\handlers\exception.py", line 34, in inner
    response = get_response(request)
  File "C:\PycharmProjects3\venv\lib\site-packages\django\core\handlers\base.py", line 145, in _get_response
    response = self.process_exception_by_middleware(e, request)
  File "C:\PycharmProjects3\venv\lib\site-packages\django\core\handlers\base.py", line 143, in _get_response
    response = response.render()
  File "C:\PycharmProjects3\venv\lib\site-packages\django\template\response.py", line 106, in render
    self.content = self.rendered_content
  File "C:\PycharmProjects3\venv\lib\site-packages\django\template\response.py", line 83, in rendered_content
    content = template.render(context, self._request)
  File "C:\PycharmProjects3\venv\lib\site-packages\django\template\backends\django.py", line 61, in render
    return self.template.render(context)
  File "C:\PycharmProjects3\venv\lib\site-packages\django\template\base.py", line 171, in render
    return self._render(context)
  File "C:\PycharmProjects3\venv\lib\site-packages\django\template\base.py", line 163, in _render
    return self.nodelist.render(context)
  File "C:\PycharmProjects3\venv\lib\site-packages\django\template\base.py", line 937, in render
    bit = node.render_annotated(context)
  File "C:\PycharmProjects3\venv\lib\site-packages\django\template\base.py", line 904, in render_annotated
    return self.render(context)
  File "C:\PycharmProjects3\venv\lib\site-packages\django\template\loader_tags.py", line 150, in render
    return compiled_parent._render(context)
  File "C:\PycharmProjects3\venv\lib\site-packages\django\template\base.py", line 163, in _render
    return self.nodelist.render(context)
  File "C:\PycharmProjects3\venv\lib\site-packages\django\template\base.py", line 937, in render
    bit = node.render_annotated(context)
  File "C:\PycharmProjects3\venv\lib\site-packages\django\template\base.py", line 904, in render_annotated
    return self.render(context)
  File "C:\PycharmProjects3\venv\lib\site-packages\django\template\loader_tags.py", line 62, in render
    result = block.nodelist.render(context)
  File "C:\PycharmProjects3\venv\lib\site-packages\django\template\base.py", line 937, in render
    bit = node.render_annotated(context)
  File "C:\PycharmProjects3\venv\lib\site-packages\django\template\base.py", line 904, in render_annotated
    return self.render(context)
  File "C:\PycharmProjects3\venv\lib\site-packages\django\template\defaulttags.py", line 443, in render
    url = reverse(view_name, args=args, kwargs=kwargs, current_app=current_app)
  File "C:\PycharmProjects3\venv\lib\site-packages\django\urls\base.py", line 90, in reverse
    return iri_to_uri(resolver._reverse_with_prefix(view, prefix, *args, **kwargs))
  File "C:\PycharmProjects3\venv\lib\site-packages\django\urls\resolvers.py", line 673, in _reverse_with_prefix
    raise NoReverseMatch(msg)
django.urls.exceptions.NoReverseMatch: Reverse for 'home' not found. 'home' is not a valid view function or pattern name.
[ERROR] [2020-01-28 23:26:36,609] [log] [3848] [4868] [Internal Server Error: /accounts/password_change/done/]
Traceback (most recent call last):
  File "C:\PycharmProjects3\venv\lib\site-packages\django\core\handlers\exception.py", line 34, in inner
    response = get_response(request)
  File "C:\PycharmProjects3\venv\lib\site-packages\django\core\handlers\base.py", line 145, in _get_response
    response = self.process_exception_by_middleware(e, request)
  File "C:\PycharmProjects3\venv\lib\site-packages\django\core\handlers\base.py", line 143, in _get_response
    response = response.render()
  File "C:\PycharmProjects3\venv\lib\site-packages\django\template\response.py", line 106, in render
    self.content = self.rendered_content
  File "C:\PycharmProjects3\venv\lib\site-packages\django\template\response.py", line 83, in rendered_content
    content = template.render(context, self._request)
  File "C:\PycharmProjects3\venv\lib\site-packages\django\template\backends\django.py", line 61, in render
    return self.template.render(context)
  File "C:\PycharmProjects3\venv\lib\site-packages\django\template\base.py", line 171, in render
    return self._render(context)
  File "C:\PycharmProjects3\venv\lib\site-packages\django\template\base.py", line 163, in _render
    return self.nodelist.render(context)
  File "C:\PycharmProjects3\venv\lib\site-packages\django\template\base.py", line 937, in render
    bit = node.render_annotated(context)
  File "C:\PycharmProjects3\venv\lib\site-packages\django\template\base.py", line 904, in render_annotated
    return self.render(context)
  File "C:\PycharmProjects3\venv\lib\site-packages\django\template\loader_tags.py", line 150, in render
    return compiled_parent._render(context)
  File "C:\PycharmProjects3\venv\lib\site-packages\django\template\base.py", line 163, in _render
    return self.nodelist.render(context)
  File "C:\PycharmProjects3\venv\lib\site-packages\django\template\base.py", line 937, in render
    bit = node.render_annotated(context)
  File "C:\PycharmProjects3\venv\lib\site-packages\django\template\base.py", line 904, in render_annotated
    return self.render(context)
  File "C:\PycharmProjects3\venv\lib\site-packages\django\template\loader_tags.py", line 62, in render
    result = block.nodelist.render(context)
  File "C:\PycharmProjects3\venv\lib\site-packages\django\template\base.py", line 937, in render
    bit = node.render_annotated(context)
  File "C:\PycharmProjects3\venv\lib\site-packages\django\template\base.py", line 904, in render_annotated
    return self.render(context)
  File "C:\PycharmProjects3\venv\lib\site-packages\django\template\defaulttags.py", line 443, in render
    url = reverse(view_name, args=args, kwargs=kwargs, current_app=current_app)
  File "C:\PycharmProjects3\venv\lib\site-packages\django\urls\base.py", line 90, in reverse
    return iri_to_uri(resolver._reverse_with_prefix(view, prefix, *args, **kwargs))
  File "C:\PycharmProjects3\venv\lib\site-packages\django\urls\resolvers.py", line 673, in _reverse_with_prefix
    raise NoReverseMatch(msg)
django.urls.exceptions.NoReverseMatch: Reverse for 'home' not found. 'home' is not a valid view function or pattern name.
[WARNING] [2020-01-28 23:27:29,060] [log] [3848] [4868] [Not Found: /accounts/profile/]
[ERROR] [2020-01-28 23:28:13,939] [log] [3848] [4868] [Internal Server Error: /accounts/password_change/done/]
Traceback (most recent call last):
  File "C:\PycharmProjects3\venv\lib\site-packages\django\core\handlers\exception.py", line 34, in inner
    response = get_response(request)
  File "C:\PycharmProjects3\venv\lib\site-packages\django\core\handlers\base.py", line 145, in _get_response
    response = self.process_exception_by_middleware(e, request)
  File "C:\PycharmProjects3\venv\lib\site-packages\django\core\handlers\base.py", line 143, in _get_response
    response = response.render()
  File "C:\PycharmProjects3\venv\lib\site-packages\django\template\response.py", line 106, in render
    self.content = self.rendered_content
  File "C:\PycharmProjects3\venv\lib\site-packages\django\template\response.py", line 83, in rendered_content
    content = template.render(context, self._request)
  File "C:\PycharmProjects3\venv\lib\site-packages\django\template\backends\django.py", line 61, in render
    return self.template.render(context)
  File "C:\PycharmProjects3\venv\lib\site-packages\django\template\base.py", line 171, in render
    return self._render(context)
  File "C:\PycharmProjects3\venv\lib\site-packages\django\template\base.py", line 163, in _render
    return self.nodelist.render(context)
  File "C:\PycharmProjects3\venv\lib\site-packages\django\template\base.py", line 937, in render
    bit = node.render_annotated(context)
  File "C:\PycharmProjects3\venv\lib\site-packages\django\template\base.py", line 904, in render_annotated
    return self.render(context)
  File "C:\PycharmProjects3\venv\lib\site-packages\django\template\loader_tags.py", line 150, in render
    return compiled_parent._render(context)
  File "C:\PycharmProjects3\venv\lib\site-packages\django\template\base.py", line 163, in _render
    return self.nodelist.render(context)
  File "C:\PycharmProjects3\venv\lib\site-packages\django\template\base.py", line 937, in render
    bit = node.render_annotated(context)
  File "C:\PycharmProjects3\venv\lib\site-packages\django\template\base.py", line 904, in render_annotated
    return self.render(context)
  File "C:\PycharmProjects3\venv\lib\site-packages\django\template\loader_tags.py", line 62, in render
    result = block.nodelist.render(context)
  File "C:\PycharmProjects3\venv\lib\site-packages\django\template\base.py", line 937, in render
    bit = node.render_annotated(context)
  File "C:\PycharmProjects3\venv\lib\site-packages\django\template\base.py", line 904, in render_annotated
    return self.render(context)
  File "C:\PycharmProjects3\venv\lib\site-packages\django\template\defaulttags.py", line 443, in render
    url = reverse(view_name, args=args, kwargs=kwargs, current_app=current_app)
  File "C:\PycharmProjects3\venv\lib\site-packages\django\urls\base.py", line 90, in reverse
    return iri_to_uri(resolver._reverse_with_prefix(view, prefix, *args, **kwargs))
  File "C:\PycharmProjects3\venv\lib\site-packages\django\urls\resolvers.py", line 673, in _reverse_with_prefix
    raise NoReverseMatch(msg)
django.urls.exceptions.NoReverseMatch: Reverse for 'home' not found. 'home' is not a valid view function or pattern name.
[ERROR] [2020-01-28 23:32:06,583] [log] [3848] [4868] [Internal Server Error: /accounts/password_change/done/]
Traceback (most recent call last):
  File "C:\PycharmProjects3\venv\lib\site-packages\django\core\handlers\exception.py", line 34, in inner
    response = get_response(request)
  File "C:\PycharmProjects3\venv\lib\site-packages\django\core\handlers\base.py", line 145, in _get_response
    response = self.process_exception_by_middleware(e, request)
  File "C:\PycharmProjects3\venv\lib\site-packages\django\core\handlers\base.py", line 143, in _get_response
    response = response.render()
  File "C:\PycharmProjects3\venv\lib\site-packages\django\template\response.py", line 106, in render
    self.content = self.rendered_content
  File "C:\PycharmProjects3\venv\lib\site-packages\django\template\response.py", line 83, in rendered_content
    content = template.render(context, self._request)
  File "C:\PycharmProjects3\venv\lib\site-packages\django\template\backends\django.py", line 61, in render
    return self.template.render(context)
  File "C:\PycharmProjects3\venv\lib\site-packages\django\template\base.py", line 171, in render
    return self._render(context)
  File "C:\PycharmProjects3\venv\lib\site-packages\django\template\base.py", line 163, in _render
    return self.nodelist.render(context)
  File "C:\PycharmProjects3\venv\lib\site-packages\django\template\base.py", line 937, in render
    bit = node.render_annotated(context)
  File "C:\PycharmProjects3\venv\lib\site-packages\django\template\base.py", line 904, in render_annotated
    return self.render(context)
  File "C:\PycharmProjects3\venv\lib\site-packages\django\template\loader_tags.py", line 150, in render
    return compiled_parent._render(context)
  File "C:\PycharmProjects3\venv\lib\site-packages\django\template\base.py", line 163, in _render
    return self.nodelist.render(context)
  File "C:\PycharmProjects3\venv\lib\site-packages\django\template\base.py", line 937, in render
    bit = node.render_annotated(context)
  File "C:\PycharmProjects3\venv\lib\site-packages\django\template\base.py", line 904, in render_annotated
    return self.render(context)
  File "C:\PycharmProjects3\venv\lib\site-packages\django\template\loader_tags.py", line 62, in render
    result = block.nodelist.render(context)
  File "C:\PycharmProjects3\venv\lib\site-packages\django\template\base.py", line 937, in render
    bit = node.render_annotated(context)
  File "C:\PycharmProjects3\venv\lib\site-packages\django\template\base.py", line 904, in render_annotated
    return self.render(context)
  File "C:\PycharmProjects3\venv\lib\site-packages\django\template\defaulttags.py", line 443, in render
    url = reverse(view_name, args=args, kwargs=kwargs, current_app=current_app)
  File "C:\PycharmProjects3\venv\lib\site-packages\django\urls\base.py", line 90, in reverse
    return iri_to_uri(resolver._reverse_with_prefix(view, prefix, *args, **kwargs))
  File "C:\PycharmProjects3\venv\lib\site-packages\django\urls\resolvers.py", line 673, in _reverse_with_prefix
    raise NoReverseMatch(msg)
django.urls.exceptions.NoReverseMatch: Reverse for 'home' not found. 'home' is not a valid view function or pattern name.
[WARNING] [2020-01-28 23:34:31,410] [log] [7624] [18100] [Not Found: /accounts/]
[ERROR] [2020-01-28 23:35:08,038] [log] [7624] [18100] [Internal Server Error: /accounts/password_reset/]
Traceback (most recent call last):
  File "C:\PycharmProjects3\venv\lib\site-packages\django\template\base.py", line 470, in parse
    compile_func = self.tags[command]
KeyError: 'usr'

During handling of the above exception, another exception occurred:

Traceback (most recent call last):
  File "C:\PycharmProjects3\venv\lib\site-packages\django\core\handlers\exception.py", line 34, in inner
    response = get_response(request)
  File "C:\PycharmProjects3\venv\lib\site-packages\django\core\handlers\base.py", line 115, in _get_response
    response = self.process_exception_by_middleware(e, request)
  File "C:\PycharmProjects3\venv\lib\site-packages\django\core\handlers\base.py", line 113, in _get_response
    response = wrapped_callback(request, *callback_args, **callback_kwargs)
  File "C:\PycharmProjects3\venv\lib\site-packages\django\views\generic\base.py", line 71, in view
    return self.dispatch(request, *args, **kwargs)
  File "C:\PycharmProjects3\venv\lib\site-packages\django\utils\decorators.py", line 45, in _wrapper
    return bound_method(*args, **kwargs)
  File "C:\PycharmProjects3\venv\lib\site-packages\django\utils\decorators.py", line 142, in _wrapped_view
    response = view_func(request, *args, **kwargs)
  File "C:\PycharmProjects3\venv\lib\site-packages\django\contrib\auth\views.py", line 220, in dispatch
    return super().dispatch(*args, **kwargs)
  File "C:\PycharmProjects3\venv\lib\site-packages\django\views\generic\base.py", line 97, in dispatch
    return handler(request, *args, **kwargs)
  File "C:\PycharmProjects3\venv\lib\site-packages\django\views\generic\edit.py", line 142, in post
    return self.form_valid(form)
  File "C:\PycharmProjects3\venv\lib\site-packages\django\contrib\auth\views.py", line 233, in form_valid
    form.save(**opts)
  File "C:\PycharmProjects3\venv\lib\site-packages\django\contrib\auth\forms.py", line 295, in save
    email, html_email_template_name=html_email_template_name,
  File "C:\PycharmProjects3\venv\lib\site-packages\django\contrib\auth\forms.py", line 243, in send_mail
    body = loader.render_to_string(email_template_name, context)
  File "C:\PycharmProjects3\venv\lib\site-packages\django\template\loader.py", line 61, in render_to_string
    template = get_template(template_name, using=using)
  File "C:\PycharmProjects3\venv\lib\site-packages\django\template\loader.py", line 15, in get_template
    return engine.get_template(template_name)
  File "C:\PycharmProjects3\venv\lib\site-packages\django\template\backends\django.py", line 34, in get_template
    return Template(self.engine.get_template(template_name), self)
  File "C:\PycharmProjects3\venv\lib\site-packages\django\template\engine.py", line 143, in get_template
    template, origin = self.find_template(template_name)
  File "C:\PycharmProjects3\venv\lib\site-packages\django\template\engine.py", line 125, in find_template
    template = loader.get_template(name, skip=skip)
  File "C:\PycharmProjects3\venv\lib\site-packages\django\template\loaders\base.py", line 30, in get_template
    contents, origin, origin.template_name, self.engine,
  File "C:\PycharmProjects3\venv\lib\site-packages\django\template\base.py", line 156, in __init__
    self.nodelist = self.compile_nodelist()
  File "C:\PycharmProjects3\venv\lib\site-packages\django\template\base.py", line 194, in compile_nodelist
    return parser.parse()
  File "C:\PycharmProjects3\venv\lib\site-packages\django\template\base.py", line 478, in parse
    raise self.error(token, e)
  File "C:\PycharmProjects3\venv\lib\site-packages\django\template\base.py", line 476, in parse
    compiled_result = compile_func(self, token)
  File "C:\PycharmProjects3\venv\lib\site-packages\django\template\defaulttags.py", line 528, in autoescape
    nodelist = parser.parse(('endautoescape',))
  File "C:\PycharmProjects3\venv\lib\site-packages\django\template\base.py", line 472, in parse
    self.invalid_block_tag(token, command, parse_until)
  File "C:\PycharmProjects3\venv\lib\site-packages\django\template\base.py", line 528, in invalid_block_tag
    get_text_list(["'%s'" % p for p in parse_until], 'or'),
django.template.exceptions.TemplateSyntaxError: Invalid block tag on line 6: 'usr', expected 'endautoescape'. Did you forget to register or load this tag?
[WARNING] [2020-01-28 23:38:26,203] [log] [7624] [18100] [Not Found: /accounts/profile/]
